[debug] [2023-06-30T21:56:14.755Z] ----------------------------------------------------------------------
[debug] [2023-06-30T21:56:14.757Z] Command:       /Users/jpaola/.nvm/versions/node/v17.5.0/bin/node /Users/jpaola/.nvm/versions/node/v17.5.0/bin/firebase deploy
[debug] [2023-06-30T21:56:14.758Z] CLI Version:   12.0.0
[debug] [2023-06-30T21:56:14.758Z] Platform:      darwin
[debug] [2023-06-30T21:56:14.758Z] Node Version:  v17.5.0
[debug] [2023-06-30T21:56:14.759Z] Time:          Fri Jun 30 2023 17:56:14 GMT-0400 (Eastern Daylight Time)
[debug] [2023-06-30T21:56:14.760Z] ----------------------------------------------------------------------
[debug] 
[debug] [2023-06-30T21:56:14.827Z] Object "" in "firebase.json" has unknown property: {"additionalProperty":"ignore"}
[debug] [2023-06-30T21:56:14.831Z] > command requires scopes: ["email","openid","https://www.googleapis.com/auth/cloudplatformprojects.readonly","https://www.googleapis.com/auth/firebase","https://www.googleapis.com/auth/cloud-platform"]
[debug] [2023-06-30T21:56:14.831Z] > authorizing via signed-in user (jpaolababy@gmail.com)
[debug] [2023-06-30T21:56:14.832Z] [iam] checking project memory-card-game-336b0 for permissions ["cloudfunctions.functions.create","cloudfunctions.functions.delete","cloudfunctions.functions.get","cloudfunctions.functions.list","cloudfunctions.functions.update","cloudfunctions.operations.get","firebase.projects.get","firebasehosting.sites.update"]
[debug] [2023-06-30T21:56:14.834Z] >>> [apiv2][query] POST https://cloudresourcemanager.googleapis.com/v1/projects/memory-card-game-336b0:testIamPermissions [none]
[debug] [2023-06-30T21:56:14.834Z] >>> [apiv2][(partial)header] POST https://cloudresourcemanager.googleapis.com/v1/projects/memory-card-game-336b0:testIamPermissions x-goog-quota-user=projects/memory-card-game-336b0
[debug] [2023-06-30T21:56:14.834Z] >>> [apiv2][body] POST https://cloudresourcemanager.googleapis.com/v1/projects/memory-card-game-336b0:testIamPermissions {"permissions":["cloudfunctions.functions.create","cloudfunctions.functions.delete","cloudfunctions.functions.get","cloudfunctions.functions.list","cloudfunctions.functions.update","cloudfunctions.operations.get","firebase.projects.get","firebasehosting.sites.update"]}
[debug] [2023-06-30T21:56:15.113Z] <<< [apiv2][status] POST https://cloudresourcemanager.googleapis.com/v1/projects/memory-card-game-336b0:testIamPermissions 200
[debug] [2023-06-30T21:56:15.113Z] <<< [apiv2][body] POST https://cloudresourcemanager.googleapis.com/v1/projects/memory-card-game-336b0:testIamPermissions {"permissions":["cloudfunctions.functions.create","cloudfunctions.functions.delete","cloudfunctions.functions.get","cloudfunctions.functions.list","cloudfunctions.functions.update","cloudfunctions.operations.get","firebase.projects.get","firebasehosting.sites.update"]}
[debug] [2023-06-30T21:56:15.113Z] >>> [apiv2][query] POST https://iam.googleapis.com/v1/projects/memory-card-game-336b0/serviceAccounts/memory-card-game-336b0@appspot.gserviceaccount.com:testIamPermissions [none]
[debug] [2023-06-30T21:56:15.114Z] >>> [apiv2][body] POST https://iam.googleapis.com/v1/projects/memory-card-game-336b0/serviceAccounts/memory-card-game-336b0@appspot.gserviceaccount.com:testIamPermissions {"permissions":["iam.serviceAccounts.actAs"]}
[debug] [2023-06-30T21:56:15.307Z] <<< [apiv2][status] POST https://iam.googleapis.com/v1/projects/memory-card-game-336b0/serviceAccounts/memory-card-game-336b0@appspot.gserviceaccount.com:testIamPermissions 404
[debug] [2023-06-30T21:56:15.308Z] <<< [apiv2][body] POST https://iam.googleapis.com/v1/projects/memory-card-game-336b0/serviceAccounts/memory-card-game-336b0@appspot.gserviceaccount.com:testIamPermissions {"error":{"code":404,"message":"Unknown service account","status":"NOT_FOUND"}}
[debug] [2023-06-30T21:56:15.309Z] [functions] service account IAM check errored, deploy may fail: HTTP Error: 404, Unknown service account {"name":"FirebaseError","children":[],"context":{"body":{"error":{"code":404,"message":"Unknown service account","status":"NOT_FOUND"}},"response":{"statusCode":404}},"exit":1,"message":"HTTP Error: 404, Unknown service account","status":404}
[debug] [2023-06-30T21:56:15.311Z] >>> [apiv2][query] GET https://firebase.googleapis.com/v1beta1/projects/memory-card-game-336b0 [none]
[debug] [2023-06-30T21:56:15.573Z] <<< [apiv2][status] GET https://firebase.googleapis.com/v1beta1/projects/memory-card-game-336b0 200
[debug] [2023-06-30T21:56:15.573Z] <<< [apiv2][body] GET https://firebase.googleapis.com/v1beta1/projects/memory-card-game-336b0 {"projectId":"memory-card-game-336b0","projectNumber":"686260334968","displayName":"Memory Card Game","name":"projects/memory-card-game-336b0","resources":{"hostingSite":"memory-card-game-336b0"},"state":"ACTIVE","etag":"1_6b1b4021-7802-4d0c-b5c7-d46db2d904c6"}
[info] 
[info] === Deploying to 'memory-card-game-336b0'...
[info] 
[info] i  deploying functions, hosting 
[debug] [2023-06-30T21:56:15.672Z] TypeError [ERR_INVALID_ARG_TYPE]: The "path" argument must be of type string. Received undefined
    at new NodeError (node:internal/errors:371:5)
    at validateString (node:internal/validators:120:11)
    at Object.join (node:path:1172:7)
    at Config.path (/Users/jpaola/.nvm/versions/node/v17.5.0/lib/node_modules/firebase-tools/lib/config.js:123:45)
    at getChildEnvironment (/Users/jpaola/.nvm/versions/node/v17.5.0/lib/node_modules/firebase-tools/lib/deploy/lifecycleHooks.js:52:49)
    at runTargetCommands (/Users/jpaola/.nvm/versions/node/v17.5.0/lib/node_modules/firebase-tools/lib/deploy/lifecycleHooks.js:73:14)
    at /Users/jpaola/.nvm/versions/node/v17.5.0/lib/node_modules/firebase-tools/lib/deploy/lifecycleHooks.js:125:24
    at processTicksAndRejections (node:internal/process/task_queues:96:5)
    at async chain (/Users/jpaola/.nvm/versions/node/v17.5.0/lib/node_modules/firebase-tools/lib/deploy/index.js:38:9)
    at async deploy (/Users/jpaola/.nvm/versions/node/v17.5.0/lib/node_modules/firebase-tools/lib/deploy/index.js:94:5)
[error] 
[error] Error: An unexpected error has occurred.
